<?xml version="1.0" encoding="utf-8"?><testsuites name="pytest tests"><testsuite name="pytest" errors="0" failures="0" skipped="0" tests="60" time="2.184" timestamp="2025-10-07T17:30:21.363911+08:00" hostname="HUAWEI-MATEBOOK14-2077"><testcase classname="testcase.ProductManager.test_product.TestProduct" name="test_get_product_list[base_info0-testcase0]" time="0.253" /><testcase classname="testcase.ProductManager.test_product.TestProduct" name="test_get_product_list[base_info1-testcase1]" time="0.023" /><testcase classname="testcase.ProductManager.test_product.TestProduct" name="test_get_product_list[base_info2-testcase2]" time="0.030" /><testcase classname="testcase.ProductManager.test_product.TestProduct" name="test_get_product_list[base_info3-testcase3]" time="0.030" /><testcase classname="testcase.ProductManager.test_product.TestProduct" name="test_get_product_list[base_info4-testcase4]" time="0.030" /><testcase classname="testcase.ProductManager.test_product.TestProduct" name="test_get_product_detail[base_info0-testcase0]" time="0.032" /><testcase classname="testcase.ProductManager.test_product.TestProduct" name="test_get_product_detail[base_info1-testcase1]" time="0.030" /><testcase classname="testcase.ProductManager.test_product.TestProduct" name="test_get_product_detail[base_info2-testcase2]" time="0.029" /><testcase classname="testcase.ProductManager.test_product.TestProduct" name="test_get_product_detail[base_info3-testcase3]" time="0.020" /><testcase classname="testcase.ProductManager.test_product.TestProduct" name="test_get_product_detail[base_info4-testcase4]" time="0.038" /><testcase classname="testcase.ProductManager.test_product.TestProduct" name="test_commit_order[base_info0-testcase0]" time="0.031" /><testcase classname="testcase.ProductManager.test_product.TestProduct" name="test_commit_order[base_info1-testcase1]" time="0.028" /><testcase classname="testcase.ProductManager.test_product.TestProduct" name="test_commit_order[base_info2-testcase2]" time="0.014" /><testcase classname="testcase.ProductManager.test_product.TestProduct" name="test_commit_order[base_info3-testcase3]" time="0.015" /><testcase classname="testcase.ProductManager.test_product.TestProduct" name="test_commit_order[base_info4-testcase4]" time="0.031" /><testcase classname="testcase.ProductManager.test_product.TestProduct" name="test_order_pay[base_info0-testcase0]" time="0.046" /><testcase classname="testcase.ProductManager.test_product.TestProduct" name="test_order_pay[base_info1-testcase1]" time="0.042" /><testcase classname="testcase.ProductManager.test_product.TestProduct" name="test_order_pay[base_info2-testcase2]" time="0.030" /><testcase classname="testcase.ProductManager.test_product.TestProduct" name="test_order_pay[base_info3-testcase3]" time="0.030" /><testcase classname="testcase.ProductManager.test_product.TestProduct" name="test_order_pay[base_info4-testcase4]" time="0.031" /><testcase classname="testcase.SmokeTest.test_business_scenario.TestEBusinessScenario" name="test_business_scenario[case_info0]" time="0.022" /><testcase classname="testcase.SmokeTest.test_business_scenario.TestEBusinessScenario" name="test_business_scenario[case_info1]" time="0.044" /><testcase classname="testcase.SmokeTest.test_business_scenario.TestEBusinessScenario" name="test_business_scenario[case_info2]" time="0.043" /><testcase classname="testcase.SmokeTest.test_business_scenario.TestEBusinessScenario" name="test_business_scenario[case_info3]" time="0.044" /><testcase classname="testcase.SmokeTest.test_business_scenario.TestEBusinessScenario" name="test_business_scenario[case_info4]" time="0.029" /><testcase classname="testcase.UserManager.test_user.TestUser" name="test_add_user[base_info0-testcase0]" time="0.030" /><testcase classname="testcase.UserManager.test_user.TestUser" name="test_add_user[base_info1-testcase1]" time="0.030" /><testcase classname="testcase.UserManager.test_user.TestUser" name="test_add_user[base_info2-testcase2]" time="0.045" /><testcase classname="testcase.UserManager.test_user.TestUser" name="test_add_user[base_info3-testcase3]" time="0.019" /><testcase classname="testcase.UserManager.test_user.TestUser" name="test_add_user[base_info4-testcase4]" time="0.037" /><testcase classname="testcase.UserManager.test_user.TestUser" name="test_add_user[base_info5-testcase5]" time="0.016" /><testcase classname="testcase.UserManager.test_user.TestUser" name="test_add_user[base_info6-testcase6]" time="0.027" /><testcase classname="testcase.UserManager.test_user.TestUser" name="test_add_user[base_info7-testcase7]" time="0.030" /><testcase classname="testcase.UserManager.test_user.TestUser" name="test_add_user[base_info8-testcase8]" time="0.030" /><testcase classname="testcase.UserManager.test_user.TestUser" name="test_add_user[base_info9-testcase9]" time="0.044" /><testcase classname="testcase.UserManager.test_user.TestUser" name="test_add_user[base_info10-testcase10]" time="0.028" /><testcase classname="testcase.UserManager.test_user.TestUser" name="test_update_user[base_info0-testcase0]" time="0.031" /><testcase classname="testcase.UserManager.test_user.TestUser" name="test_update_user[base_info1-testcase1]" time="0.029" /><testcase classname="testcase.UserManager.test_user.TestUser" name="test_update_user[base_info2-testcase2]" time="0.031" /><testcase classname="testcase.UserManager.test_user.TestUser" name="test_update_user[base_info3-testcase3]" time="0.016" /><testcase classname="testcase.UserManager.test_user.TestUser" name="test_update_user[base_info4-testcase4]" time="0.017" /><testcase classname="testcase.UserManager.test_user.TestUser" name="test_update_user[base_info5-testcase5]" time="0.040" /><testcase classname="testcase.UserManager.test_user.TestUser" name="test_update_user[base_info6-testcase6]" time="0.028" /><testcase classname="testcase.UserManager.test_user.TestUser" name="test_update_user[base_info7-testcase7]" time="0.030" /><testcase classname="testcase.UserManager.test_user.TestUser" name="test_update_user[base_info8-testcase8]" time="0.030" /><testcase classname="testcase.UserManager.test_user.TestUser" name="test_update_user[base_info9-testcase9]" time="0.030" /><testcase classname="testcase.UserManager.test_user.TestUser" name="test_delete_user[base_info0-testcase0]" time="0.015" /><testcase classname="testcase.UserManager.test_user.TestUser" name="test_delete_user[base_info1-testcase1]" time="0.029" /><testcase classname="testcase.UserManager.test_user.TestUser" name="test_delete_user[base_info2-testcase2]" time="0.030" /><testcase classname="testcase.UserManager.test_user.TestUser" name="test_delete_user[base_info3-testcase3]" time="0.030" /><testcase classname="testcase.UserManager.test_user.TestUser" name="test_delete_user[base_info4-testcase4]" time="0.029" /><testcase classname="testcase.UserManager.test_user.TestUser" name="test_delete_user[base_info5-testcase5]" time="0.030" /><testcase classname="testcase.UserManager.test_user.TestUser" name="test_delete_user[base_info6-testcase6]" time="0.031" /><testcase classname="testcase.UserManager.test_user.TestUser" name="test_query_user[base_info0-testcase0]" time="0.029" /><testcase classname="testcase.UserManager.test_user.TestUser" name="test_query_user[base_info1-testcase1]" time="0.030" /><testcase classname="testcase.UserManager.test_user.TestUser" name="test_query_user[base_info2-testcase2]" time="0.016" /><testcase classname="testcase.UserManager.test_user.TestUser" name="test_query_user[base_info3-testcase3]" time="0.027" /><testcase classname="testcase.UserManager.test_user.TestUser" name="test_query_user[base_info4-testcase4]" time="0.029" /><testcase classname="testcase.UserManager.test_user.TestUser" name="test_query_user[base_info5-testcase5]" time="0.029" /><testcase classname="testcase.UserManager.test_user.TestUser" name="test_query_user[base_info6-testcase6]" time="0.032" /></testsuite></testsuites>